<?xml version="1.0" encoding="UTF-8"?>
<!-- Generated by org.testng.reporters.JUnitXMLReporter -->
<testsuite ignored="0" hostname="DESKTOP-I7GH3LQ" failures="1" tests="3" name="Test" time="30.222" errors="0" timestamp="2023-03-04T11:25:24 IST">
  <testcase classname="com.opencart.testlayer.RegisterPageTest" name="regidterPageTest" time="2.375">
    <failure type="java.lang.AssertionError" message="expected [Your Account Has Been Created!] but found [Register Account]">
      <![CDATA[java.lang.AssertionError: expected [Your Account Has Been Created!] but found [Register Account]
at com.opencart.testlayer.RegisterPageTest.regidterPageTest(RegisterPageTest.java:34)
at java.base/java.util.ArrayList.forEach(ArrayList.java:1511)
... Removed 31 stack frames]]>
    </failure>
  </testcase> <!-- regidterPageTest -->
  <testcase classname="com.opencart.testlayer.LoginPageTest" name="validateLoggingIntoApplicationUsingValidCredentials" time="1.488"/>
  <testcase classname="com.opencart.testlayer.BuyProductFunctionality" name="verifyBuyProductFunctionality" time="7.304"/>
</testsuite> <!-- Test -->
