<?xml version="1.0" encoding="UTF-8"?>
<testng-results ignored="0" total="1" passed="1" failed="0" skipped="0">
  <reporter-output>
  </reporter-output>
  <suite started-at="2023-07-17T18:01:55 IST" name="Default suite" finished-at="2023-07-17T18:02:13 IST" duration-ms="18053">
    <groups>
    </groups>
    <test started-at="2023-07-17T18:01:55 IST" name="Default test" finished-at="2023-07-17T18:02:13 IST" duration-ms="18053">
      <class name="com.navneetAutomationLab.testlayer.UpdatetheProduct">
        <test-method is-config="true" signature="setUp()[pri:0, instance:com.navneetAutomationLab.testlayer.UpdatetheProduct@10e41621]" started-at="2023-07-17T18:01:55 IST" name="setUp" finished-at="2023-07-17T18:02:08 IST" duration-ms="13393" status="PASS">
          <reporter-output>
          </reporter-output>
        </test-method> <!-- setUp -->
        <test-method signature="updateTheProductFunctionality()[pri:0, instance:com.navneetAutomationLab.testlayer.UpdatetheProduct@10e41621]" started-at="2023-07-17T18:02:08 IST" name="updateTheProductFunctionality" finished-at="2023-07-17T18:02:13 IST" duration-ms="4601" status="PASS">
          <reporter-output>
          </reporter-output>
        </test-method> <!-- updateTheProductFunctionality -->
        <test-method is-config="true" signature="tearDown()[pri:0, instance:com.navneetAutomationLab.testlayer.UpdatetheProduct@10e41621]" started-at="2023-07-17T18:02:13 IST" name="tearDown" finished-at="2023-07-17T18:02:13 IST" duration-ms="1" status="PASS">
          <reporter-output>
          </reporter-output>
        </test-method> <!-- tearDown -->
      </class> <!-- com.navneetAutomationLab.testlayer.UpdatetheProduct -->
    </test> <!-- Default test -->
  </suite> <!-- Default suite -->
</testng-results>
